0 verbose cli C:\Program Files\nodejs\node.exe C:\Program Files\nodejs\node_modules\npm\bin\npm-cli.js
1 info using npm@11.6.2
2 info using node@v24.11.1
3 silly config load:file:C:\Program Files\nodejs\node_modules\npm\npmrc
4 silly config load:file:C:\Users\bim1\OneDrive\문서\test11\site\.npmrc
5 silly config load:file:C:\Users\bim1\.npmrc
6 silly config load:file:C:\Users\bim1\AppData\Roaming\npm\etc\npmrc
7 verbose title npm install playwright@1.61.0
8 verbose argv "install" "--save-dev" "playwright@1.61.0"
9 verbose logfile logs-max:10 dir:C:\Users\bim1\OneDrive\문서\test11\site\.npm-cache\_logs\2026-06-18T23_37_43_760Z-
10 verbose logfile C:\Users\bim1\OneDrive\문서\test11\site\.npm-cache\_logs\2026-06-18T23_37_43_760Z-debug-0.log
11 silly logfile done cleaning log files
12 silly packumentCache heap:4496293888 maxSize:1124073472 maxEntrySize:562036736
13 silly idealTree buildDeps
14 silly fetch manifest playwright@1.61.0
15 silly packumentCache full:https://registry.npmjs.org/playwright cache-miss
16 verbose shrinkwrap failed to load node_modules/.package-lock.json out of date, updated: node_modules
17 http cache https://registry.npmjs.org/playwright 371ms (cache hit)
18 silly packumentCache full:https://registry.npmjs.org/playwright set size:16399731 disposed:false
19 silly placeDep ROOT playwright@1.61.0 OK for: namwon-gold-landing@0.0.0 want: 1.61.0
20 silly fetch manifest playwright-core@1.61.0
21 silly packumentCache full:https://registry.npmjs.org/playwright-core cache-miss
22 silly fetch manifest fsevents@2.3.2
23 silly packumentCache full:https://registry.npmjs.org/fsevents cache-miss
24 http fetch GET 200 https://registry.npmjs.org/fsevents 157ms (cache revalidated)
25 silly packumentCache full:https://registry.npmjs.org/fsevents set size:182472 disposed:false
26 http fetch GET 200 https://registry.npmjs.org/playwright-core 591ms (cache miss)
27 silly packumentCache full:https://registry.npmjs.org/playwright-core set size:undefined disposed:false
28 silly placeDep node_modules/playwright fsevents@2.3.2 OK for: playwright@1.61.0 want: 2.3.2
29 silly placeDep ROOT playwright-core@1.61.0 OK for: playwright@1.61.0 want: 1.61.0
30 silly reify moves {}
31 http cache playwright-core@https://registry.npmjs.org/playwright-core/-/playwright-core-1.61.0.tgz 0ms (cache hit)
32 http cache playwright@https://registry.npmjs.org/playwright/-/playwright-1.61.0.tgz 0ms (cache hit)
33 silly tarball no local data for playwright-core@https://registry.npmjs.org/playwright-core/-/playwright-core-1.61.0.tgz. Extracting by manifest.
34 silly tarball no local data for playwright@https://registry.npmjs.org/playwright/-/playwright-1.61.0.tgz. Extracting by manifest.
35 http fetch GET 200 https://registry.npmjs.org/playwright/-/playwright-1.61.0.tgz 714ms (cache miss)
36 http fetch GET 200 https://registry.npmjs.org/playwright-core/-/playwright-core-1.61.0.tgz 1111ms (cache miss)
37 silly ADD node_modules/playwright-core
38 silly ADD node_modules/playwright
39 verbose cwd C:\Users\bim1\OneDrive\문서\test11\site
40 verbose os Windows_NT 10.0.19045
41 verbose node v24.11.1
42 verbose npm  v11.6.2
43 verbose exit 0
44 info ok
